Exporter version: 6.4.4, Blender version: 2.90.0
========= Conversion from Blender to Babylon.js =========
	Scene settings used :
		Inline textures     :  false
		Material Type       :  PBR
		Positions Precision :  4
		Normals Precision   :  3
		UVs Precision       :  3
		Vert Color Precision:  3
		Mat Weight Precision:  2
		Keep Z-up r-handed  :  no
		Texture directory   :  C:\laragon\www\SMOG20\public\mesh\
	Python World class constructor completed
	processing begun of camera (UniversalCamera):  Camera
	processing begun of node:  Empty
	processing begun of mesh:  Plane
		WARNING: No materials have been assigned: 
		num positions      :  6290
		num normals        :  6290
		num tangents       :  0
		num uvs            :  12580
		num uvs2           :  0
		num colors         :  0
		num triangles      :  3932
		WARNING: # of 0 area faces found:  46
	processing begun of light (POINT):  Light
========= Writing of JSON file started =========
	writing mesh:  Plane
========= Writing of JSON file completed =========
========= end of processing =========
elapsed time:  0 min, 0.2438 secs
